[0.011s] Invoking command in '/home/akiratanaya/ros2_ws/build/cpp_srvcli': CMAKE_PREFIX_PATH=/opt/ros/humble /usr/bin/cmake --build /home/akiratanaya/ros2_ws/build/cpp_srvcli -- -j16 -l16
[0.028s] -- Found ament_cmake: 1.3.12 (/opt/ros/humble/share/ament_cmake/cmake)
[0.120s] -- Found rclcpp: 16.0.14 (/opt/ros/humble/share/rclcpp/cmake)
[0.141s] -- Found rosidl_generator_c: 3.1.7 (/opt/ros/humble/share/rosidl_generator_c/cmake)
[0.143s] -- Found rosidl_adapter: 3.1.7 (/opt/ros/humble/share/rosidl_adapter/cmake)
[0.147s] -- Found rosidl_generator_cpp: 3.1.7 (/opt/ros/humble/share/rosidl_generator_cpp/cmake)
[0.153s] -- Using all available rosidl_typesupport_c: rosidl_typesupport_fastrtps_c;rosidl_typesupport_introspection_c
[0.161s] -- Using all available rosidl_typesupport_cpp: rosidl_typesupport_fastrtps_cpp;rosidl_typesupport_introspection_cpp
[0.183s] -- Found rmw_implementation_cmake: 6.1.2 (/opt/ros/humble/share/rmw_implementation_cmake/cmake)
[0.183s] -- Found rmw_fastrtps_cpp: 6.2.8 (/opt/ros/humble/share/rmw_fastrtps_cpp/cmake)
[0.270s] -- Using RMW implementation 'rmw_fastrtps_cpp' as default
[0.302s] -- Found example_interfaces: 0.9.3 (/opt/ros/humble/share/example_interfaces/cmake)
[0.327s] [31mCMake Error at /opt/ros/humble/share/ament_cmake_target_dependencies/cmake/ament_target_dependencies.cmake:77 (message):
[0.327s]   ament_target_dependencies() the passed package name 'client' was not found
[0.327s]   before
[0.327s] Call Stack (most recent call first):
[0.327s]   CMakeLists.txt:14 (ament_target_dependencies)
[0.327s] 
[0.328s] [0m
[0.328s] -- Configuring incomplete, errors occurred!
[0.328s] See also "/home/akiratanaya/ros2_ws/build/cpp_srvcli/CMakeFiles/CMakeOutput.log".
[0.333s] gmake: *** [Makefile:267: cmake_check_build_system] Error 1
[0.336s] Invoked command in '/home/akiratanaya/ros2_ws/build/cpp_srvcli' returned '2': CMAKE_PREFIX_PATH=/opt/ros/humble /usr/bin/cmake --build /home/akiratanaya/ros2_ws/build/cpp_srvcli -- -j16 -l16
