[0.009s] Invoking command in '/home/akiratanaya/ros2_ws/build/tutorial_interfaces': CMAKE_PREFIX_PATH=/opt/ros/humble /usr/bin/cmake /home/akiratanaya/ros2_ws/src/tutorial_interfaces -DCMAKE_INSTALL_PREFIX=/home/akiratanaya/ros2_ws/install/tutorial_interfaces
[0.020s] -- Found ament_cmake: 1.3.12 (/opt/ros/humble/share/ament_cmake/cmake)
[0.112s] -- Found geometry_msgs: 4.9.0 (/opt/ros/humble/share/geometry_msgs/cmake)
[0.130s] -- Found rosidl_generator_c: 3.1.7 (/opt/ros/humble/share/rosidl_generator_c/cmake)
[0.132s] -- Found rosidl_adapter: 3.1.7 (/opt/ros/humble/share/rosidl_adapter/cmake)
[0.136s] -- Found rosidl_generator_cpp: 3.1.7 (/opt/ros/humble/share/rosidl_generator_cpp/cmake)
[0.143s] -- Using all available rosidl_typesupport_c: rosidl_typesupport_fastrtps_c;rosidl_typesupport_introspection_c
[0.152s] -- Using all available rosidl_typesupport_cpp: rosidl_typesupport_fastrtps_cpp;rosidl_typesupport_introspection_cpp
[0.178s] -- Found rosidl_default_generators: 1.2.0 (/opt/ros/humble/share/rosidl_default_generators/cmake)
[0.186s] [31mCMake Error at /opt/ros/humble/share/rosidl_cmake/cmake/rosidl_generate_interfaces.cmake:93 (message):
[0.186s]   rosidl_generate_interfaces() the passed file 'msg/Num.masg' doesn't exist
[0.186s]   relative to the CMAKE_CURRENT_SOURCE_DIR
[0.186s]   '/home/akiratanaya/ros2_ws/src/tutorial_interfaces'
[0.187s] Call Stack (most recent call first):
[0.187s]   CMakeLists.txt:12 (rosidl_generate_interfaces)
[0.187s] 
[0.187s] [0m
[0.187s] -- Configuring incomplete, errors occurred!
[0.187s] See also "/home/akiratanaya/ros2_ws/build/tutorial_interfaces/CMakeFiles/CMakeOutput.log".
[0.192s] Invoked command in '/home/akiratanaya/ros2_ws/build/tutorial_interfaces' returned '1': CMAKE_PREFIX_PATH=/opt/ros/humble /usr/bin/cmake /home/akiratanaya/ros2_ws/src/tutorial_interfaces -DCMAKE_INSTALL_PREFIX=/home/akiratanaya/ros2_ws/install/tutorial_interfaces
