[0.011s] Invoking command in '/home/akiratanaya/ros2_ws/build/tutorial_interfaces': CMAKE_PREFIX_PATH=/opt/ros/humble /usr/bin/cmake /home/akiratanaya/ros2_ws/src/tutorial_interfaces -DCMAKE_INSTALL_PREFIX=/home/akiratanaya/ros2_ws/install/tutorial_interfaces
[0.102s] -- The C compiler identification is GNU 11.4.0
[0.177s] -- The CXX compiler identification is GNU 11.4.0
[0.187s] -- Detecting C compiler ABI info
[0.261s] -- Detecting C compiler ABI info - done
[0.266s] -- Check for working C compiler: /usr/bin/cc - skipped
[0.267s] -- Detecting C compile features
[0.268s] -- Detecting C compile features - done
[0.271s] -- Detecting CXX compiler ABI info
[0.348s] -- Detecting CXX compiler ABI info - done
[0.353s] -- Check for working CXX compiler: /usr/bin/c++ - skipped
[0.353s] -- Detecting CXX compile features
[0.353s] -- Detecting CXX compile features - done
[0.361s] -- Found ament_cmake: 1.3.12 (/opt/ros/humble/share/ament_cmake/cmake)
[0.485s] -- Found Python3: /usr/bin/python3 (found version "3.10.12") found components: Interpreter 
[0.572s] -- Found geometry_msgs: 4.9.0 (/opt/ros/humble/share/geometry_msgs/cmake)
[0.613s] -- Found rosidl_generator_c: 3.1.7 (/opt/ros/humble/share/rosidl_generator_c/cmake)
[0.619s] -- Found rosidl_adapter: 3.1.7 (/opt/ros/humble/share/rosidl_adapter/cmake)
[0.628s] -- Found rosidl_generator_cpp: 3.1.7 (/opt/ros/humble/share/rosidl_generator_cpp/cmake)
[0.642s] -- Using all available rosidl_typesupport_c: rosidl_typesupport_fastrtps_c;rosidl_typesupport_introspection_c
[0.659s] -- Using all available rosidl_typesupport_cpp: rosidl_typesupport_fastrtps_cpp;rosidl_typesupport_introspection_cpp
[0.705s] [31mCMake Error at CMakeLists.txt:10 (find_package):
[0.705s]   By not providing "Findrosid1_default_generators.cmake" in CMAKE_MODULE_PATH
[0.706s]   this project has asked CMake to find a package configuration file provided
[0.706s]   by "rosid1_default_generators", but CMake did not find one.
[0.706s] 
[0.706s]   Could not find a package configuration file provided by
[0.706s]   "rosid1_default_generators" with any of the following names:
[0.706s] 
[0.706s]     rosid1_default_generatorsConfig.cmake
[0.706s]     rosid1_default_generators-config.cmake
[0.706s] 
[0.706s]   Add the installation prefix of "rosid1_default_generators" to
[0.706s]   CMAKE_PREFIX_PATH or set "rosid1_default_generators_DIR" to a directory
[0.706s]   containing one of the above files.  If "rosid1_default_generators" provides
[0.706s]   a separate development package or SDK, be sure it has been installed.
[0.707s] 
[0.707s] [0m
[0.707s] -- Configuring incomplete, errors occurred!
[0.707s] See also "/home/akiratanaya/ros2_ws/build/tutorial_interfaces/CMakeFiles/CMakeOutput.log".
[0.713s] Invoked command in '/home/akiratanaya/ros2_ws/build/tutorial_interfaces' returned '1': CMAKE_PREFIX_PATH=/opt/ros/humble /usr/bin/cmake /home/akiratanaya/ros2_ws/src/tutorial_interfaces -DCMAKE_INSTALL_PREFIX=/home/akiratanaya/ros2_ws/install/tutorial_interfaces
