[0.015s] Invoking command in '/home/akiratanaya/ros2_ws/build/cpp_pubsub': CMAKE_PREFIX_PATH=/opt/ros/humble /usr/bin/cmake --build /home/akiratanaya/ros2_ws/build/cpp_pubsub -- -j16 -l16
[0.064s] [35m[1mConsolidate compiler generated dependencies of target receiver[0m
[0.065s] [35m[1mConsolidate compiler generated dependencies of target talker[0m
[0.079s] [100%] Built target talker
[0.079s] [100%] Built target receiver
[0.092s] Invoked command in '/home/akiratanaya/ros2_ws/build/cpp_pubsub' returned '0': CMAKE_PREFIX_PATH=/opt/ros/humble /usr/bin/cmake --build /home/akiratanaya/ros2_ws/build/cpp_pubsub -- -j16 -l16
[0.094s] Invoking command in '/home/akiratanaya/ros2_ws/build/cpp_pubsub': CMAKE_PREFIX_PATH=/opt/ros/humble /usr/bin/cmake --install /home/akiratanaya/ros2_ws/build/cpp_pubsub
[0.100s] -- Install configuration: ""
[0.101s] -- Up-to-date: /home/akiratanaya/ros2_ws/install/cpp_pubsub/lib/cpp_pubsub/talker
[0.101s] -- Up-to-date: /home/akiratanaya/ros2_ws/install/cpp_pubsub/lib/cpp_pubsub/receiver
[0.101s] -- Up-to-date: /home/akiratanaya/ros2_ws/install/cpp_pubsub/share/ament_index/resource_index/package_run_dependencies/cpp_pubsub
[0.102s] -- Up-to-date: /home/akiratanaya/ros2_ws/install/cpp_pubsub/share/ament_index/resource_index/parent_prefix_path/cpp_pubsub
[0.102s] -- Up-to-date: /home/akiratanaya/ros2_ws/install/cpp_pubsub/share/cpp_pubsub/environment/ament_prefix_path.sh
[0.102s] -- Up-to-date: /home/akiratanaya/ros2_ws/install/cpp_pubsub/share/cpp_pubsub/environment/ament_prefix_path.dsv
[0.102s] -- Up-to-date: /home/akiratanaya/ros2_ws/install/cpp_pubsub/share/cpp_pubsub/environment/path.sh
[0.102s] -- Up-to-date: /home/akiratanaya/ros2_ws/install/cpp_pubsub/share/cpp_pubsub/environment/path.dsv
[0.102s] -- Up-to-date: /home/akiratanaya/ros2_ws/install/cpp_pubsub/share/cpp_pubsub/local_setup.bash
[0.102s] -- Up-to-date: /home/akiratanaya/ros2_ws/install/cpp_pubsub/share/cpp_pubsub/local_setup.sh
[0.102s] -- Up-to-date: /home/akiratanaya/ros2_ws/install/cpp_pubsub/share/cpp_pubsub/local_setup.zsh
[0.102s] -- Up-to-date: /home/akiratanaya/ros2_ws/install/cpp_pubsub/share/cpp_pubsub/local_setup.dsv
[0.102s] -- Installing: /home/akiratanaya/ros2_ws/install/cpp_pubsub/share/cpp_pubsub/package.dsv
[0.102s] -- Up-to-date: /home/akiratanaya/ros2_ws/install/cpp_pubsub/share/ament_index/resource_index/packages/cpp_pubsub
[0.102s] -- Up-to-date: /home/akiratanaya/ros2_ws/install/cpp_pubsub/share/cpp_pubsub/cmake/cpp_pubsubConfig.cmake
[0.102s] -- Up-to-date: /home/akiratanaya/ros2_ws/install/cpp_pubsub/share/cpp_pubsub/cmake/cpp_pubsubConfig-version.cmake
[0.103s] -- Up-to-date: /home/akiratanaya/ros2_ws/install/cpp_pubsub/share/cpp_pubsub/package.xml
[0.117s] Invoked command in '/home/akiratanaya/ros2_ws/build/cpp_pubsub' returned '0': CMAKE_PREFIX_PATH=/opt/ros/humble /usr/bin/cmake --install /home/akiratanaya/ros2_ws/build/cpp_pubsub
