[0.120s] DEBUG:colcon:Command line arguments: ['/usr/bin/colcon', 'build']
[0.120s] DEBUG:colcon:Parsed command line arguments: Namespace(log_base=None, log_level=None, verb_name='build', build_base='build', install_base='install', merge_install=False, symlink_install=False, test_result_base=None, continue_on_error=False, executor='parallel', parallel_workers=16, event_handlers=None, ignore_user_meta=False, metas=['./colcon.meta'], base_paths=['.'], packages_ignore=None, packages_ignore_regex=None, paths=None, packages_up_to=None, packages_up_to_regex=None, packages_above=None, packages_above_and_dependencies=None, packages_above_depth=None, packages_select_by_dep=None, packages_skip_by_dep=None, packages_skip_up_to=None, packages_select_build_failed=False, packages_skip_build_finished=False, packages_select_test_failures=False, packages_skip_test_passed=False, packages_select=None, packages_skip=None, packages_select_regex=None, packages_skip_regex=None, packages_start=None, packages_end=None, allow_overriding=[], cmake_args=None, cmake_target=None, cmake_target_skip_unavailable=False, cmake_clean_cache=False, cmake_clean_first=False, cmake_force_configure=False, ament_cmake_args=None, catkin_cmake_args=None, catkin_skip_building_tests=False, verb_parser=<colcon_defaults.argument_parser.defaults.DefaultArgumentsDecorator object at 0x7ceb3664c610>, verb_extension=<colcon_core.verb.build.BuildVerb object at 0x7ceb3664c070>, main=<bound method BuildVerb.main of <colcon_core.verb.build.BuildVerb object at 0x7ceb3664c070>>)
[0.246s] Level 1:colcon.colcon_core.package_discovery:discover_packages(colcon_meta) check parameters
[0.246s] Level 1:colcon.colcon_core.package_discovery:discover_packages(recursive) check parameters
[0.246s] Level 1:colcon.colcon_core.package_discovery:discover_packages(ignore) check parameters
[0.246s] Level 1:colcon.colcon_core.package_discovery:discover_packages(path) check parameters
[0.246s] Level 1:colcon.colcon_core.package_discovery:discover_packages(colcon_meta) discover
[0.246s] Level 1:colcon.colcon_core.package_discovery:discover_packages(recursive) discover
[0.246s] INFO:colcon.colcon_core.package_discovery:Crawling recursively for packages in '/home/akiratanaya/ros2_ws'
[0.246s] Level 1:colcon.colcon_core.package_identification:_identify(.) by extensions ['ignore', 'ignore_ament_install']
[0.246s] Level 1:colcon.colcon_core.package_identification:_identify(.) by extension 'ignore'
[0.246s] Level 1:colcon.colcon_core.package_identification:_identify(.) by extension 'ignore_ament_install'
[0.246s] Level 1:colcon.colcon_core.package_identification:_identify(.) by extensions ['colcon_pkg']
[0.246s] Level 1:colcon.colcon_core.package_identification:_identify(.) by extension 'colcon_pkg'
[0.246s] Level 1:colcon.colcon_core.package_identification:_identify(.) by extensions ['colcon_meta']
[0.246s] Level 1:colcon.colcon_core.package_identification:_identify(.) by extension 'colcon_meta'
[0.246s] Level 1:colcon.colcon_core.package_identification:_identify(.) by extensions ['ros']
[0.246s] Level 1:colcon.colcon_core.package_identification:_identify(.) by extension 'ros'
[0.253s] Level 1:colcon.colcon_core.package_identification:_identify(.) by extensions ['cmake', 'python']
[0.253s] Level 1:colcon.colcon_core.package_identification:_identify(.) by extension 'cmake'
[0.253s] Level 1:colcon.colcon_core.package_identification:_identify(.) by extension 'python'
[0.254s] Level 1:colcon.colcon_core.package_identification:_identify(.) by extensions ['python_setup_py']
[0.254s] Level 1:colcon.colcon_core.package_identification:_identify(.) by extension 'python_setup_py'
[0.254s] Level 1:colcon.colcon_core.package_identification:_identify(build) by extensions ['ignore', 'ignore_ament_install']
[0.254s] Level 1:colcon.colcon_core.package_identification:_identify(build) by extension 'ignore'
[0.254s] Level 1:colcon.colcon_core.package_identification:_identify(build) ignored
[0.254s] Level 1:colcon.colcon_core.package_identification:_identify(install) by extensions ['ignore', 'ignore_ament_install']
[0.254s] Level 1:colcon.colcon_core.package_identification:_identify(install) by extension 'ignore'
[0.254s] Level 1:colcon.colcon_core.package_identification:_identify(install) ignored
[0.254s] Level 1:colcon.colcon_core.package_identification:_identify(log) by extensions ['ignore', 'ignore_ament_install']
[0.254s] Level 1:colcon.colcon_core.package_identification:_identify(log) by extension 'ignore'
[0.254s] Level 1:colcon.colcon_core.package_identification:_identify(log) ignored
[0.254s] Level 1:colcon.colcon_core.package_identification:_identify(src) by extensions ['ignore', 'ignore_ament_install']
[0.254s] Level 1:colcon.colcon_core.package_identification:_identify(src) by extension 'ignore'
[0.255s] Level 1:colcon.colcon_core.package_identification:_identify(src) by extension 'ignore_ament_install'
[0.255s] Level 1:colcon.colcon_core.package_identification:_identify(src) by extensions ['colcon_pkg']
[0.255s] Level 1:colcon.colcon_core.package_identification:_identify(src) by extension 'colcon_pkg'
[0.255s] Level 1:colcon.colcon_core.package_identification:_identify(src) by extensions ['colcon_meta']
[0.255s] Level 1:colcon.colcon_core.package_identification:_identify(src) by extension 'colcon_meta'
[0.255s] Level 1:colcon.colcon_core.package_identification:_identify(src) by extensions ['ros']
[0.255s] Level 1:colcon.colcon_core.package_identification:_identify(src) by extension 'ros'
[0.255s] Level 1:colcon.colcon_core.package_identification:_identify(src) by extensions ['cmake', 'python']
[0.255s] Level 1:colcon.colcon_core.package_identification:_identify(src) by extension 'cmake'
[0.255s] Level 1:colcon.colcon_core.package_identification:_identify(src) by extension 'python'
[0.255s] Level 1:colcon.colcon_core.package_identification:_identify(src) by extensions ['python_setup_py']
[0.255s] Level 1:colcon.colcon_core.package_identification:_identify(src) by extension 'python_setup_py'
[0.255s] Level 1:colcon.colcon_core.package_identification:_identify(src/cpp_pubsub) by extensions ['ignore', 'ignore_ament_install']
[0.255s] Level 1:colcon.colcon_core.package_identification:_identify(src/cpp_pubsub) by extension 'ignore'
[0.255s] Level 1:colcon.colcon_core.package_identification:_identify(src/cpp_pubsub) by extension 'ignore_ament_install'
[0.255s] Level 1:colcon.colcon_core.package_identification:_identify(src/cpp_pubsub) by extensions ['colcon_pkg']
[0.255s] Level 1:colcon.colcon_core.package_identification:_identify(src/cpp_pubsub) by extension 'colcon_pkg'
[0.255s] Level 1:colcon.colcon_core.package_identification:_identify(src/cpp_pubsub) by extensions ['colcon_meta']
[0.255s] Level 1:colcon.colcon_core.package_identification:_identify(src/cpp_pubsub) by extension 'colcon_meta'
[0.255s] Level 1:colcon.colcon_core.package_identification:_identify(src/cpp_pubsub) by extensions ['ros']
[0.255s] Level 1:colcon.colcon_core.package_identification:_identify(src/cpp_pubsub) by extension 'ros'
[0.257s] DEBUG:colcon.colcon_core.package_identification:Package 'src/cpp_pubsub' with type 'ros.ament_cmake' and name 'cpp_pubsub'
[0.257s] Level 1:colcon.colcon_core.package_identification:_identify(src/cpp_srvcli) by extensions ['ignore', 'ignore_ament_install']
[0.257s] Level 1:colcon.colcon_core.package_identification:_identify(src/cpp_srvcli) by extension 'ignore'
[0.257s] Level 1:colcon.colcon_core.package_identification:_identify(src/cpp_srvcli) by extension 'ignore_ament_install'
[0.257s] Level 1:colcon.colcon_core.package_identification:_identify(src/cpp_srvcli) by extensions ['colcon_pkg']
[0.257s] Level 1:colcon.colcon_core.package_identification:_identify(src/cpp_srvcli) by extension 'colcon_pkg'
[0.257s] Level 1:colcon.colcon_core.package_identification:_identify(src/cpp_srvcli) by extensions ['colcon_meta']
[0.257s] Level 1:colcon.colcon_core.package_identification:_identify(src/cpp_srvcli) by extension 'colcon_meta'
[0.257s] Level 1:colcon.colcon_core.package_identification:_identify(src/cpp_srvcli) by extensions ['ros']
[0.257s] Level 1:colcon.colcon_core.package_identification:_identify(src/cpp_srvcli) by extension 'ros'
[0.258s] DEBUG:colcon.colcon_core.package_identification:Package 'src/cpp_srvcli' with type 'ros.ament_cmake' and name 'cpp_srvcli'
[0.258s] Level 1:colcon.colcon_core.package_identification:_identify(src/my_package) by extensions ['ignore', 'ignore_ament_install']
[0.258s] Level 1:colcon.colcon_core.package_identification:_identify(src/my_package) by extension 'ignore'
[0.258s] Level 1:colcon.colcon_core.package_identification:_identify(src/my_package) by extension 'ignore_ament_install'
[0.258s] Level 1:colcon.colcon_core.package_identification:_identify(src/my_package) by extensions ['colcon_pkg']
[0.258s] Level 1:colcon.colcon_core.package_identification:_identify(src/my_package) by extension 'colcon_pkg'
[0.258s] Level 1:colcon.colcon_core.package_identification:_identify(src/my_package) by extensions ['colcon_meta']
[0.258s] Level 1:colcon.colcon_core.package_identification:_identify(src/my_package) by extension 'colcon_meta'
[0.258s] Level 1:colcon.colcon_core.package_identification:_identify(src/my_package) by extensions ['ros']
[0.258s] Level 1:colcon.colcon_core.package_identification:_identify(src/my_package) by extension 'ros'
[0.258s] DEBUG:colcon.colcon_core.package_identification:Package 'src/my_package' with type 'ros.ament_cmake' and name 'my_package'
[0.258s] Level 1:colcon.colcon_core.package_discovery:discover_packages(recursive) using defaults
[0.258s] Level 1:colcon.colcon_core.package_discovery:discover_packages(ignore) discover
[0.259s] Level 1:colcon.colcon_core.package_discovery:discover_packages(ignore) using defaults
[0.259s] Level 1:colcon.colcon_core.package_discovery:discover_packages(path) discover
[0.259s] Level 1:colcon.colcon_core.package_discovery:discover_packages(path) using defaults
[0.282s] Level 1:colcon.colcon_core.package_discovery:discover_packages(prefix_path) check parameters
[0.282s] Level 1:colcon.colcon_core.package_discovery:discover_packages(prefix_path) discover
[0.286s] DEBUG:colcon.colcon_installed_package_information.package_discovery:Found 418 installed packages in /opt/ros/humble
[0.287s] Level 1:colcon.colcon_core.package_discovery:discover_packages(prefix_path) using defaults
[0.324s] Level 5:colcon.colcon_core.verb:set package 'cpp_pubsub' build argument 'cmake_args' from command line to 'None'
[0.324s] Level 5:colcon.colcon_core.verb:set package 'cpp_pubsub' build argument 'cmake_target' from command line to 'None'
[0.324s] Level 5:colcon.colcon_core.verb:set package 'cpp_pubsub' build argument 'cmake_target_skip_unavailable' from command line to 'False'
[0.324s] Level 5:colcon.colcon_core.verb:set package 'cpp_pubsub' build argument 'cmake_clean_cache' from command line to 'False'
[0.324s] Level 5:colcon.colcon_core.verb:set package 'cpp_pubsub' build argument 'cmake_clean_first' from command line to 'False'
[0.324s] Level 5:colcon.colcon_core.verb:set package 'cpp_pubsub' build argument 'cmake_force_configure' from command line to 'False'
[0.324s] Level 5:colcon.colcon_core.verb:set package 'cpp_pubsub' build argument 'ament_cmake_args' from command line to 'None'
[0.324s] Level 5:colcon.colcon_core.verb:set package 'cpp_pubsub' build argument 'catkin_cmake_args' from command line to 'None'
[0.324s] Level 5:colcon.colcon_core.verb:set package 'cpp_pubsub' build argument 'catkin_skip_building_tests' from command line to 'False'
[0.324s] DEBUG:colcon.colcon_core.verb:Building package 'cpp_pubsub' with the following arguments: {'ament_cmake_args': None, 'build_base': '/home/akiratanaya/ros2_ws/build/cpp_pubsub', 'catkin_cmake_args': None, 'catkin_skip_building_tests': False, 'cmake_args': None, 'cmake_clean_cache': False, 'cmake_clean_first': False, 'cmake_force_configure': False, 'cmake_target': None, 'cmake_target_skip_unavailable': False, 'install_base': '/home/akiratanaya/ros2_ws/install/cpp_pubsub', 'merge_install': False, 'path': '/home/akiratanaya/ros2_ws/src/cpp_pubsub', 'symlink_install': False, 'test_result_base': None}
[0.324s] Level 5:colcon.colcon_core.verb:set package 'cpp_srvcli' build argument 'cmake_args' from command line to 'None'
[0.324s] Level 5:colcon.colcon_core.verb:set package 'cpp_srvcli' build argument 'cmake_target' from command line to 'None'
[0.324s] Level 5:colcon.colcon_core.verb:set package 'cpp_srvcli' build argument 'cmake_target_skip_unavailable' from command line to 'False'
[0.324s] Level 5:colcon.colcon_core.verb:set package 'cpp_srvcli' build argument 'cmake_clean_cache' from command line to 'False'
[0.324s] Level 5:colcon.colcon_core.verb:set package 'cpp_srvcli' build argument 'cmake_clean_first' from command line to 'False'
[0.324s] Level 5:colcon.colcon_core.verb:set package 'cpp_srvcli' build argument 'cmake_force_configure' from command line to 'False'
[0.324s] Level 5:colcon.colcon_core.verb:set package 'cpp_srvcli' build argument 'ament_cmake_args' from command line to 'None'
[0.324s] Level 5:colcon.colcon_core.verb:set package 'cpp_srvcli' build argument 'catkin_cmake_args' from command line to 'None'
[0.324s] Level 5:colcon.colcon_core.verb:set package 'cpp_srvcli' build argument 'catkin_skip_building_tests' from command line to 'False'
[0.324s] DEBUG:colcon.colcon_core.verb:Building package 'cpp_srvcli' with the following arguments: {'ament_cmake_args': None, 'build_base': '/home/akiratanaya/ros2_ws/build/cpp_srvcli', 'catkin_cmake_args': None, 'catkin_skip_building_tests': False, 'cmake_args': None, 'cmake_clean_cache': False, 'cmake_clean_first': False, 'cmake_force_configure': False, 'cmake_target': None, 'cmake_target_skip_unavailable': False, 'install_base': '/home/akiratanaya/ros2_ws/install/cpp_srvcli', 'merge_install': False, 'path': '/home/akiratanaya/ros2_ws/src/cpp_srvcli', 'symlink_install': False, 'test_result_base': None}
[0.325s] Level 5:colcon.colcon_core.verb:set package 'my_package' build argument 'cmake_args' from command line to 'None'
[0.325s] Level 5:colcon.colcon_core.verb:set package 'my_package' build argument 'cmake_target' from command line to 'None'
[0.325s] Level 5:colcon.colcon_core.verb:set package 'my_package' build argument 'cmake_target_skip_unavailable' from command line to 'False'
[0.325s] Level 5:colcon.colcon_core.verb:set package 'my_package' build argument 'cmake_clean_cache' from command line to 'False'
[0.325s] Level 5:colcon.colcon_core.verb:set package 'my_package' build argument 'cmake_clean_first' from command line to 'False'
[0.325s] Level 5:colcon.colcon_core.verb:set package 'my_package' build argument 'cmake_force_configure' from command line to 'False'
[0.325s] Level 5:colcon.colcon_core.verb:set package 'my_package' build argument 'ament_cmake_args' from command line to 'None'
[0.325s] Level 5:colcon.colcon_core.verb:set package 'my_package' build argument 'catkin_cmake_args' from command line to 'None'
[0.325s] Level 5:colcon.colcon_core.verb:set package 'my_package' build argument 'catkin_skip_building_tests' from command line to 'False'
[0.325s] DEBUG:colcon.colcon_core.verb:Building package 'my_package' with the following arguments: {'ament_cmake_args': None, 'build_base': '/home/akiratanaya/ros2_ws/build/my_package', 'catkin_cmake_args': None, 'catkin_skip_building_tests': False, 'cmake_args': None, 'cmake_clean_cache': False, 'cmake_clean_first': False, 'cmake_force_configure': False, 'cmake_target': None, 'cmake_target_skip_unavailable': False, 'install_base': '/home/akiratanaya/ros2_ws/install/my_package', 'merge_install': False, 'path': '/home/akiratanaya/ros2_ws/src/my_package', 'symlink_install': False, 'test_result_base': None}
[0.325s] INFO:colcon.colcon_core.executor:Executing jobs using 'parallel' executor
[0.326s] DEBUG:colcon.colcon_parallel_executor.executor.parallel:run_until_complete
[0.326s] INFO:colcon.colcon_ros.task.ament_cmake.build:Building ROS package in '/home/akiratanaya/ros2_ws/src/cpp_pubsub' with build type 'ament_cmake'
[0.326s] INFO:colcon.colcon_cmake.task.cmake.build:Building CMake package in '/home/akiratanaya/ros2_ws/src/cpp_pubsub'
[0.330s] INFO:colcon.colcon_core.plugin_system:Skipping extension 'colcon_core.shell.bat': Not used on non-Windows systems
[0.330s] INFO:colcon.colcon_core.shell:Skip shell extension 'powershell' for command environment: Not usable outside of PowerShell
[0.330s] DEBUG:colcon.colcon_core.shell:Skip shell extension 'dsv' for command environment
[0.333s] INFO:colcon.colcon_ros.task.ament_cmake.build:Building ROS package in '/home/akiratanaya/ros2_ws/src/cpp_srvcli' with build type 'ament_cmake'
[0.334s] INFO:colcon.colcon_cmake.task.cmake.build:Building CMake package in '/home/akiratanaya/ros2_ws/src/cpp_srvcli'
[0.334s] INFO:colcon.colcon_core.shell:Skip shell extension 'powershell' for command environment: Not usable outside of PowerShell
[0.334s] DEBUG:colcon.colcon_core.shell:Skip shell extension 'dsv' for command environment
[0.336s] INFO:colcon.colcon_ros.task.ament_cmake.build:Building ROS package in '/home/akiratanaya/ros2_ws/src/my_package' with build type 'ament_cmake'
[0.336s] INFO:colcon.colcon_cmake.task.cmake.build:Building CMake package in '/home/akiratanaya/ros2_ws/src/my_package'
[0.336s] INFO:colcon.colcon_core.shell:Skip shell extension 'powershell' for command environment: Not usable outside of PowerShell
[0.336s] DEBUG:colcon.colcon_core.shell:Skip shell extension 'dsv' for command environment
[0.343s] DEBUG:colcon.colcon_core.event_handler.log_command:Invoking command in '/home/akiratanaya/ros2_ws/build/cpp_pubsub': CMAKE_PREFIX_PATH=/opt/ros/humble /usr/bin/cmake --build /home/akiratanaya/ros2_ws/build/cpp_pubsub -- -j16 -l16
[0.346s] DEBUG:colcon.colcon_core.event_handler.log_command:Invoking command in '/home/akiratanaya/ros2_ws/build/cpp_srvcli': CMAKE_PREFIX_PATH=/opt/ros/humble /usr/bin/cmake --build /home/akiratanaya/ros2_ws/build/cpp_srvcli -- -j16 -l16
[0.348s] DEBUG:colcon.colcon_core.event_handler.log_command:Invoking command in '/home/akiratanaya/ros2_ws/build/my_package': CMAKE_PREFIX_PATH=/opt/ros/humble /usr/bin/cmake --build /home/akiratanaya/ros2_ws/build/my_package -- -j16 -l16
[0.408s] DEBUG:colcon.colcon_core.event_handler.log_command:Invoked command in '/home/akiratanaya/ros2_ws/build/my_package' returned '0': CMAKE_PREFIX_PATH=/opt/ros/humble /usr/bin/cmake --build /home/akiratanaya/ros2_ws/build/my_package -- -j16 -l16
[0.418s] DEBUG:colcon.colcon_core.event_handler.log_command:Invoking command in '/home/akiratanaya/ros2_ws/build/my_package': CMAKE_PREFIX_PATH=/opt/ros/humble /usr/bin/cmake --install /home/akiratanaya/ros2_ws/build/my_package
[0.419s] DEBUG:colcon.colcon_core.event_handler.log_command:Invoked command in '/home/akiratanaya/ros2_ws/build/cpp_pubsub' returned '0': CMAKE_PREFIX_PATH=/opt/ros/humble /usr/bin/cmake --build /home/akiratanaya/ros2_ws/build/cpp_pubsub -- -j16 -l16
[0.421s] DEBUG:colcon.colcon_core.event_handler.log_command:Invoking command in '/home/akiratanaya/ros2_ws/build/cpp_pubsub': CMAKE_PREFIX_PATH=/opt/ros/humble /usr/bin/cmake --install /home/akiratanaya/ros2_ws/build/cpp_pubsub
[0.427s] Level 1:colcon.colcon_core.environment:create_environment_scripts_only(my_package)
[0.427s] DEBUG:colcon.colcon_core.event_handler.log_command:Invoked command in '/home/akiratanaya/ros2_ws/build/my_package' returned '0': CMAKE_PREFIX_PATH=/opt/ros/humble /usr/bin/cmake --install /home/akiratanaya/ros2_ws/build/my_package
[0.431s] Level 1:colcon.colcon_core.environment:checking '/home/akiratanaya/ros2_ws/install/my_package' for CMake module files
[0.432s] Level 1:colcon.colcon_core.environment:checking '/home/akiratanaya/ros2_ws/install/my_package' for CMake config files
[0.432s] Level 1:colcon.colcon_core.shell:create_environment_hook('my_package', 'cmake_prefix_path')
[0.432s] INFO:colcon.colcon_core.shell:Creating environment hook '/home/akiratanaya/ros2_ws/install/my_package/share/my_package/hook/cmake_prefix_path.ps1'
[0.433s] INFO:colcon.colcon_core.shell:Creating environment descriptor '/home/akiratanaya/ros2_ws/install/my_package/share/my_package/hook/cmake_prefix_path.dsv'
[0.434s] INFO:colcon.colcon_core.shell:Creating environment hook '/home/akiratanaya/ros2_ws/install/my_package/share/my_package/hook/cmake_prefix_path.sh'
[0.434s] Level 1:colcon.colcon_core.environment:checking '/home/akiratanaya/ros2_ws/install/my_package/lib'
[0.435s] Level 1:colcon.colcon_core.environment:checking '/home/akiratanaya/ros2_ws/install/my_package/bin'
[0.435s] Level 1:colcon.colcon_core.environment:checking '/home/akiratanaya/ros2_ws/install/my_package/lib/pkgconfig/my_package.pc'
[0.435s] Level 1:colcon.colcon_core.environment:checking '/home/akiratanaya/ros2_ws/install/my_package/lib/python3.10/site-packages'
[0.435s] Level 1:colcon.colcon_core.environment:checking '/home/akiratanaya/ros2_ws/install/my_package/bin'
[0.435s] INFO:colcon.colcon_core.shell:Creating package script '/home/akiratanaya/ros2_ws/install/my_package/share/my_package/package.ps1'
[0.436s] INFO:colcon.colcon_core.shell:Creating package descriptor '/home/akiratanaya/ros2_ws/install/my_package/share/my_package/package.dsv'
[0.436s] INFO:colcon.colcon_core.shell:Creating package script '/home/akiratanaya/ros2_ws/install/my_package/share/my_package/package.sh'
[0.437s] INFO:colcon.colcon_core.shell:Creating package script '/home/akiratanaya/ros2_ws/install/my_package/share/my_package/package.bash'
[0.437s] INFO:colcon.colcon_core.shell:Creating package script '/home/akiratanaya/ros2_ws/install/my_package/share/my_package/package.zsh'
[0.438s] Level 1:colcon.colcon_core.environment:create_file_with_runtime_dependencies(/home/akiratanaya/ros2_ws/install/my_package/share/colcon-core/packages/my_package)
[0.438s] Level 1:colcon.colcon_core.environment:create_environment_scripts_only(my_package)
[0.438s] Level 1:colcon.colcon_core.environment:checking '/home/akiratanaya/ros2_ws/install/my_package' for CMake module files
[0.439s] Level 1:colcon.colcon_core.environment:checking '/home/akiratanaya/ros2_ws/install/my_package' for CMake config files
[0.439s] Level 1:colcon.colcon_core.shell:create_environment_hook('my_package', 'cmake_prefix_path')
[0.439s] INFO:colcon.colcon_core.shell:Creating environment hook '/home/akiratanaya/ros2_ws/install/my_package/share/my_package/hook/cmake_prefix_path.ps1'
[0.439s] INFO:colcon.colcon_core.shell:Creating environment descriptor '/home/akiratanaya/ros2_ws/install/my_package/share/my_package/hook/cmake_prefix_path.dsv'
[0.440s] INFO:colcon.colcon_core.shell:Creating environment hook '/home/akiratanaya/ros2_ws/install/my_package/share/my_package/hook/cmake_prefix_path.sh'
[0.440s] Level 1:colcon.colcon_core.environment:checking '/home/akiratanaya/ros2_ws/install/my_package/lib'
[0.440s] Level 1:colcon.colcon_core.environment:checking '/home/akiratanaya/ros2_ws/install/my_package/bin'
[0.440s] Level 1:colcon.colcon_core.environment:checking '/home/akiratanaya/ros2_ws/install/my_package/lib/pkgconfig/my_package.pc'
[0.440s] Level 1:colcon.colcon_core.environment:checking '/home/akiratanaya/ros2_ws/install/my_package/lib/python3.10/site-packages'
[0.440s] Level 1:colcon.colcon_core.environment:checking '/home/akiratanaya/ros2_ws/install/my_package/bin'
[0.441s] INFO:colcon.colcon_core.shell:Creating package script '/home/akiratanaya/ros2_ws/install/my_package/share/my_package/package.ps1'
[0.441s] INFO:colcon.colcon_core.shell:Creating package descriptor '/home/akiratanaya/ros2_ws/install/my_package/share/my_package/package.dsv'
[0.441s] INFO:colcon.colcon_core.shell:Creating package script '/home/akiratanaya/ros2_ws/install/my_package/share/my_package/package.sh'
[0.442s] INFO:colcon.colcon_core.shell:Creating package script '/home/akiratanaya/ros2_ws/install/my_package/share/my_package/package.bash'
[0.442s] INFO:colcon.colcon_core.shell:Creating package script '/home/akiratanaya/ros2_ws/install/my_package/share/my_package/package.zsh'
[0.442s] Level 1:colcon.colcon_core.environment:create_file_with_runtime_dependencies(/home/akiratanaya/ros2_ws/install/my_package/share/colcon-core/packages/my_package)
[0.443s] Level 1:colcon.colcon_core.environment:create_environment_scripts_only(cpp_pubsub)
[0.443s] Level 1:colcon.colcon_core.environment:checking '/home/akiratanaya/ros2_ws/install/cpp_pubsub' for CMake module files
[0.444s] DEBUG:colcon.colcon_core.event_handler.log_command:Invoked command in '/home/akiratanaya/ros2_ws/build/cpp_pubsub' returned '0': CMAKE_PREFIX_PATH=/opt/ros/humble /usr/bin/cmake --install /home/akiratanaya/ros2_ws/build/cpp_pubsub
[0.444s] Level 1:colcon.colcon_core.environment:checking '/home/akiratanaya/ros2_ws/install/cpp_pubsub' for CMake config files
[0.444s] Level 1:colcon.colcon_core.shell:create_environment_hook('cpp_pubsub', 'cmake_prefix_path')
[0.444s] INFO:colcon.colcon_core.shell:Creating environment hook '/home/akiratanaya/ros2_ws/install/cpp_pubsub/share/cpp_pubsub/hook/cmake_prefix_path.ps1'
[0.444s] INFO:colcon.colcon_core.shell:Creating environment descriptor '/home/akiratanaya/ros2_ws/install/cpp_pubsub/share/cpp_pubsub/hook/cmake_prefix_path.dsv'
[0.445s] INFO:colcon.colcon_core.shell:Creating environment hook '/home/akiratanaya/ros2_ws/install/cpp_pubsub/share/cpp_pubsub/hook/cmake_prefix_path.sh'
[0.445s] Level 1:colcon.colcon_core.environment:checking '/home/akiratanaya/ros2_ws/install/cpp_pubsub/lib'
[0.445s] Level 1:colcon.colcon_core.environment:checking '/home/akiratanaya/ros2_ws/install/cpp_pubsub/bin'
[0.445s] Level 1:colcon.colcon_core.environment:checking '/home/akiratanaya/ros2_ws/install/cpp_pubsub/lib/pkgconfig/cpp_pubsub.pc'
[0.445s] Level 1:colcon.colcon_core.environment:checking '/home/akiratanaya/ros2_ws/install/cpp_pubsub/lib/python3.10/site-packages'
[0.445s] Level 1:colcon.colcon_core.environment:checking '/home/akiratanaya/ros2_ws/install/cpp_pubsub/bin'
[0.446s] INFO:colcon.colcon_core.shell:Creating package script '/home/akiratanaya/ros2_ws/install/cpp_pubsub/share/cpp_pubsub/package.ps1'
[0.446s] INFO:colcon.colcon_core.shell:Creating package descriptor '/home/akiratanaya/ros2_ws/install/cpp_pubsub/share/cpp_pubsub/package.dsv'
[0.446s] INFO:colcon.colcon_core.shell:Creating package script '/home/akiratanaya/ros2_ws/install/cpp_pubsub/share/cpp_pubsub/package.sh'
[0.446s] INFO:colcon.colcon_core.shell:Creating package script '/home/akiratanaya/ros2_ws/install/cpp_pubsub/share/cpp_pubsub/package.bash'
[0.447s] INFO:colcon.colcon_core.shell:Creating package script '/home/akiratanaya/ros2_ws/install/cpp_pubsub/share/cpp_pubsub/package.zsh'
[0.447s] Level 1:colcon.colcon_core.environment:create_file_with_runtime_dependencies(/home/akiratanaya/ros2_ws/install/cpp_pubsub/share/colcon-core/packages/cpp_pubsub)
[0.447s] Level 1:colcon.colcon_core.environment:create_environment_scripts_only(cpp_pubsub)
[0.447s] Level 1:colcon.colcon_core.environment:checking '/home/akiratanaya/ros2_ws/install/cpp_pubsub' for CMake module files
[0.448s] Level 1:colcon.colcon_core.environment:checking '/home/akiratanaya/ros2_ws/install/cpp_pubsub' for CMake config files
[0.448s] Level 1:colcon.colcon_core.shell:create_environment_hook('cpp_pubsub', 'cmake_prefix_path')
[0.448s] INFO:colcon.colcon_core.shell:Creating environment hook '/home/akiratanaya/ros2_ws/install/cpp_pubsub/share/cpp_pubsub/hook/cmake_prefix_path.ps1'
[0.448s] INFO:colcon.colcon_core.shell:Creating environment descriptor '/home/akiratanaya/ros2_ws/install/cpp_pubsub/share/cpp_pubsub/hook/cmake_prefix_path.dsv'
[0.449s] INFO:colcon.colcon_core.shell:Creating environment hook '/home/akiratanaya/ros2_ws/install/cpp_pubsub/share/cpp_pubsub/hook/cmake_prefix_path.sh'
[0.449s] Level 1:colcon.colcon_core.environment:checking '/home/akiratanaya/ros2_ws/install/cpp_pubsub/lib'
[0.449s] Level 1:colcon.colcon_core.environment:checking '/home/akiratanaya/ros2_ws/install/cpp_pubsub/bin'
[0.449s] Level 1:colcon.colcon_core.environment:checking '/home/akiratanaya/ros2_ws/install/cpp_pubsub/lib/pkgconfig/cpp_pubsub.pc'
[0.449s] Level 1:colcon.colcon_core.environment:checking '/home/akiratanaya/ros2_ws/install/cpp_pubsub/lib/python3.10/site-packages'
[0.449s] Level 1:colcon.colcon_core.environment:checking '/home/akiratanaya/ros2_ws/install/cpp_pubsub/bin'
[0.450s] INFO:colcon.colcon_core.shell:Creating package script '/home/akiratanaya/ros2_ws/install/cpp_pubsub/share/cpp_pubsub/package.ps1'
[0.450s] INFO:colcon.colcon_core.shell:Creating package descriptor '/home/akiratanaya/ros2_ws/install/cpp_pubsub/share/cpp_pubsub/package.dsv'
[0.450s] INFO:colcon.colcon_core.shell:Creating package script '/home/akiratanaya/ros2_ws/install/cpp_pubsub/share/cpp_pubsub/package.sh'
[0.450s] INFO:colcon.colcon_core.shell:Creating package script '/home/akiratanaya/ros2_ws/install/cpp_pubsub/share/cpp_pubsub/package.bash'
[0.451s] INFO:colcon.colcon_core.shell:Creating package script '/home/akiratanaya/ros2_ws/install/cpp_pubsub/share/cpp_pubsub/package.zsh'
[0.451s] Level 1:colcon.colcon_core.environment:create_file_with_runtime_dependencies(/home/akiratanaya/ros2_ws/install/cpp_pubsub/share/colcon-core/packages/cpp_pubsub)
[0.790s] DEBUG:colcon.colcon_core.event_handler.log_command:Invoked command in '/home/akiratanaya/ros2_ws/build/cpp_srvcli' returned '2': CMAKE_PREFIX_PATH=/opt/ros/humble /usr/bin/cmake --build /home/akiratanaya/ros2_ws/build/cpp_srvcli -- -j16 -l16
[0.791s] Level 1:colcon.colcon_core.environment:create_environment_scripts_only(cpp_srvcli)
[0.791s] Level 1:colcon.colcon_core.environment:checking '/home/akiratanaya/ros2_ws/install/cpp_srvcli' for CMake module files
[0.791s] Level 1:colcon.colcon_core.environment:checking '/home/akiratanaya/ros2_ws/install/cpp_srvcli' for CMake config files
[0.791s] Level 1:colcon.colcon_core.shell:create_environment_hook('cpp_srvcli', 'cmake_prefix_path')
[0.791s] INFO:colcon.colcon_core.shell:Creating environment hook '/home/akiratanaya/ros2_ws/install/cpp_srvcli/share/cpp_srvcli/hook/cmake_prefix_path.ps1'
[0.792s] INFO:colcon.colcon_core.shell:Creating environment descriptor '/home/akiratanaya/ros2_ws/install/cpp_srvcli/share/cpp_srvcli/hook/cmake_prefix_path.dsv'
[0.792s] INFO:colcon.colcon_core.shell:Creating environment hook '/home/akiratanaya/ros2_ws/install/cpp_srvcli/share/cpp_srvcli/hook/cmake_prefix_path.sh'
[0.792s] Level 1:colcon.colcon_core.environment:checking '/home/akiratanaya/ros2_ws/install/cpp_srvcli/lib'
[0.792s] Level 1:colcon.colcon_core.environment:checking '/home/akiratanaya/ros2_ws/install/cpp_srvcli/bin'
[0.793s] Level 1:colcon.colcon_core.environment:checking '/home/akiratanaya/ros2_ws/install/cpp_srvcli/lib/pkgconfig/cpp_srvcli.pc'
[0.793s] Level 1:colcon.colcon_core.environment:checking '/home/akiratanaya/ros2_ws/install/cpp_srvcli/lib/python3.10/site-packages'
[0.793s] Level 1:colcon.colcon_core.environment:checking '/home/akiratanaya/ros2_ws/install/cpp_srvcli/bin'
[0.793s] INFO:colcon.colcon_core.shell:Creating package script '/home/akiratanaya/ros2_ws/install/cpp_srvcli/share/cpp_srvcli/package.ps1'
[0.793s] INFO:colcon.colcon_core.shell:Creating package descriptor '/home/akiratanaya/ros2_ws/install/cpp_srvcli/share/cpp_srvcli/package.dsv'
[0.794s] INFO:colcon.colcon_core.shell:Creating package script '/home/akiratanaya/ros2_ws/install/cpp_srvcli/share/cpp_srvcli/package.sh'
[0.794s] INFO:colcon.colcon_core.shell:Creating package script '/home/akiratanaya/ros2_ws/install/cpp_srvcli/share/cpp_srvcli/package.bash'
[0.794s] INFO:colcon.colcon_core.shell:Creating package script '/home/akiratanaya/ros2_ws/install/cpp_srvcli/share/cpp_srvcli/package.zsh'
[0.794s] Level 1:colcon.colcon_core.environment:create_file_with_runtime_dependencies(/home/akiratanaya/ros2_ws/install/cpp_srvcli/share/colcon-core/packages/cpp_srvcli)
[0.805s] DEBUG:colcon.colcon_parallel_executor.executor.parallel:closing loop
[0.805s] DEBUG:colcon.colcon_parallel_executor.executor.parallel:loop closed
[0.805s] DEBUG:colcon.colcon_parallel_executor.executor.parallel:run_until_complete finished with '2'
[0.805s] DEBUG:colcon.colcon_core.event_reactor:joining thread
[0.811s] INFO:colcon.colcon_core.plugin_system:Skipping extension 'colcon_notification.desktop_notification.terminal_notifier': Not used on non-Darwin systems
[0.811s] INFO:colcon.colcon_core.plugin_system:Skipping extension 'colcon_notification.desktop_notification.win32': Not used on non-Windows systems
[0.811s] INFO:colcon.colcon_notification.desktop_notification:Sending desktop notification using 'notify2'
[0.821s] DEBUG:colcon.colcon_core.event_reactor:joined thread
[0.822s] INFO:colcon.colcon_core.shell:Creating prefix script '/home/akiratanaya/ros2_ws/install/local_setup.ps1'
[0.823s] INFO:colcon.colcon_core.shell:Creating prefix util module '/home/akiratanaya/ros2_ws/install/_local_setup_util_ps1.py'
[0.824s] INFO:colcon.colcon_core.shell:Creating prefix chain script '/home/akiratanaya/ros2_ws/install/setup.ps1'
[0.825s] INFO:colcon.colcon_core.shell:Creating prefix script '/home/akiratanaya/ros2_ws/install/local_setup.sh'
[0.825s] INFO:colcon.colcon_core.shell:Creating prefix util module '/home/akiratanaya/ros2_ws/install/_local_setup_util_sh.py'
[0.825s] INFO:colcon.colcon_core.shell:Creating prefix chain script '/home/akiratanaya/ros2_ws/install/setup.sh'
[0.826s] INFO:colcon.colcon_core.shell:Creating prefix script '/home/akiratanaya/ros2_ws/install/local_setup.bash'
[0.827s] INFO:colcon.colcon_core.shell:Creating prefix chain script '/home/akiratanaya/ros2_ws/install/setup.bash'
[0.827s] INFO:colcon.colcon_core.shell:Creating prefix script '/home/akiratanaya/ros2_ws/install/local_setup.zsh'
[0.828s] INFO:colcon.colcon_core.shell:Creating prefix chain script '/home/akiratanaya/ros2_ws/install/setup.zsh'
