[0.011s] Invoking command in '/home/akiratanaya/ros2_ws/build/cpp_srvcli': CMAKE_PREFIX_PATH=/opt/ros/humble /usr/bin/cmake --build /home/akiratanaya/ros2_ws/build/cpp_srvcli -- -j16 -l16
[0.029s] -- Found ament_cmake: 1.3.12 (/opt/ros/humble/share/ament_cmake/cmake)
[0.123s] -- Found rclcpp: 16.0.14 (/opt/ros/humble/share/rclcpp/cmake)
[0.145s] -- Found rosidl_generator_c: 3.1.7 (/opt/ros/humble/share/rosidl_generator_c/cmake)
[0.146s] -- Found rosidl_adapter: 3.1.7 (/opt/ros/humble/share/rosidl_adapter/cmake)
[0.150s] -- Found rosidl_generator_cpp: 3.1.7 (/opt/ros/humble/share/rosidl_generator_cpp/cmake)
[0.157s] -- Using all available rosidl_typesupport_c: rosidl_typesupport_fastrtps_c;rosidl_typesupport_introspection_c
[0.165s] -- Using all available rosidl_typesupport_cpp: rosidl_typesupport_fastrtps_cpp;rosidl_typesupport_introspection_cpp
[0.186s] -- Found rmw_implementation_cmake: 6.1.2 (/opt/ros/humble/share/rmw_implementation_cmake/cmake)
[0.187s] -- Found rmw_fastrtps_cpp: 6.2.8 (/opt/ros/humble/share/rmw_fastrtps_cpp/cmake)
[0.275s] -- Using RMW implementation 'rmw_fastrtps_cpp' as default
[0.308s] -- Found example_interfaces: 0.9.3 (/opt/ros/humble/share/example_interfaces/cmake)
[0.338s] -- Found ament_lint_auto: 0.12.14 (/opt/ros/humble/share/ament_lint_auto/cmake)
[0.394s] -- Added test 'cppcheck' to perform static code analysis on C / C++ code
[0.395s] -- Configured cppcheck include dirs: 
[0.395s] -- Configured cppcheck exclude dirs and/or files: 
[0.395s] -- Added test 'lint_cmake' to check CMake code style
[0.396s] -- Added test 'uncrustify' to check C / C++ code style
[0.396s] -- Configured uncrustify additional arguments: 
[0.396s] -- Added test 'xmllint' to check XML markup files
[0.398s] -- Configuring done
[0.412s] -- Generating done
[0.416s] -- Build files have been written to: /home/akiratanaya/ros2_ws/build/cpp_srvcli
[0.442s] [35m[1mConsolidate compiler generated dependencies of target server[0m
[0.449s] [ 25%] [32mBuilding CXX object CMakeFiles/client.dir/src/add_two_ints_client.cpp.o[0m
[0.458s] [ 75%] Built target server
[3.124s] [100%] [32m[1mLinking CXX executable client[0m
[3.277s] [100%] Built target client
[3.289s] Invoked command in '/home/akiratanaya/ros2_ws/build/cpp_srvcli' returned '0': CMAKE_PREFIX_PATH=/opt/ros/humble /usr/bin/cmake --build /home/akiratanaya/ros2_ws/build/cpp_srvcli -- -j16 -l16
[3.290s] Invoking command in '/home/akiratanaya/ros2_ws/build/cpp_srvcli': CMAKE_PREFIX_PATH=/opt/ros/humble /usr/bin/cmake --install /home/akiratanaya/ros2_ws/build/cpp_srvcli
[3.298s] -- Install configuration: ""
[3.299s] -- Up-to-date: /home/akiratanaya/ros2_ws/install/cpp_srvcli/lib/cpp_srvcli/server
[3.299s] -- Installing: /home/akiratanaya/ros2_ws/install/cpp_srvcli/lib/cpp_srvcli/client
[3.300s] -- Set runtime path of "/home/akiratanaya/ros2_ws/install/cpp_srvcli/lib/cpp_srvcli/client" to ""
[3.301s] -- Up-to-date: /home/akiratanaya/ros2_ws/install/cpp_srvcli/share/ament_index/resource_index/package_run_dependencies/cpp_srvcli
[3.301s] -- Up-to-date: /home/akiratanaya/ros2_ws/install/cpp_srvcli/share/ament_index/resource_index/parent_prefix_path/cpp_srvcli
[3.301s] -- Up-to-date: /home/akiratanaya/ros2_ws/install/cpp_srvcli/share/cpp_srvcli/environment/ament_prefix_path.sh
[3.301s] -- Installing: /home/akiratanaya/ros2_ws/install/cpp_srvcli/share/cpp_srvcli/environment/ament_prefix_path.dsv
[3.301s] -- Up-to-date: /home/akiratanaya/ros2_ws/install/cpp_srvcli/share/cpp_srvcli/environment/path.sh
[3.301s] -- Installing: /home/akiratanaya/ros2_ws/install/cpp_srvcli/share/cpp_srvcli/environment/path.dsv
[3.301s] -- Up-to-date: /home/akiratanaya/ros2_ws/install/cpp_srvcli/share/cpp_srvcli/local_setup.bash
[3.301s] -- Up-to-date: /home/akiratanaya/ros2_ws/install/cpp_srvcli/share/cpp_srvcli/local_setup.sh
[3.301s] -- Up-to-date: /home/akiratanaya/ros2_ws/install/cpp_srvcli/share/cpp_srvcli/local_setup.zsh
[3.301s] -- Installing: /home/akiratanaya/ros2_ws/install/cpp_srvcli/share/cpp_srvcli/local_setup.dsv
[3.301s] -- Installing: /home/akiratanaya/ros2_ws/install/cpp_srvcli/share/cpp_srvcli/package.dsv
[3.302s] -- Up-to-date: /home/akiratanaya/ros2_ws/install/cpp_srvcli/share/ament_index/resource_index/packages/cpp_srvcli
[3.302s] -- Up-to-date: /home/akiratanaya/ros2_ws/install/cpp_srvcli/share/cpp_srvcli/cmake/cpp_srvcliConfig.cmake
[3.302s] -- Up-to-date: /home/akiratanaya/ros2_ws/install/cpp_srvcli/share/cpp_srvcli/cmake/cpp_srvcliConfig-version.cmake
[3.302s] -- Up-to-date: /home/akiratanaya/ros2_ws/install/cpp_srvcli/share/cpp_srvcli/package.xml
[3.304s] Invoked command in '/home/akiratanaya/ros2_ws/build/cpp_srvcli' returned '0': CMAKE_PREFIX_PATH=/opt/ros/humble /usr/bin/cmake --install /home/akiratanaya/ros2_ws/build/cpp_srvcli
