[0.012s] Invoking command in '/home/akiratanaya/ros2_ws/build/cpp_pubsub': CMAKE_PREFIX_PATH=/opt/ros/humble /usr/bin/cmake --build /home/akiratanaya/ros2_ws/build/cpp_pubsub -- -j16 -l16
[0.057s] [ 50%] Built target talker
[0.057s] [100%] Built target receiver
[0.066s] Invoked command in '/home/akiratanaya/ros2_ws/build/cpp_pubsub' returned '0': CMAKE_PREFIX_PATH=/opt/ros/humble /usr/bin/cmake --build /home/akiratanaya/ros2_ws/build/cpp_pubsub -- -j16 -l16
[0.075s] Invoking command in '/home/akiratanaya/ros2_ws/build/cpp_pubsub': CMAKE_PREFIX_PATH=/opt/ros/humble /usr/bin/cmake --install /home/akiratanaya/ros2_ws/build/cpp_pubsub
[0.081s] -- Install configuration: ""
[0.081s] -- Up-to-date: /home/akiratanaya/ros2_ws/install/cpp_pubsub/lib/cpp_pubsub/talker
[0.081s] -- Up-to-date: /home/akiratanaya/ros2_ws/install/cpp_pubsub/lib/cpp_pubsub/receiver
[0.082s] -- Up-to-date: /home/akiratanaya/ros2_ws/install/cpp_pubsub/share/ament_index/resource_index/package_run_dependencies/cpp_pubsub
[0.082s] -- Up-to-date: /home/akiratanaya/ros2_ws/install/cpp_pubsub/share/ament_index/resource_index/parent_prefix_path/cpp_pubsub
[0.082s] -- Up-to-date: /home/akiratanaya/ros2_ws/install/cpp_pubsub/share/cpp_pubsub/environment/ament_prefix_path.sh
[0.082s] -- Up-to-date: /home/akiratanaya/ros2_ws/install/cpp_pubsub/share/cpp_pubsub/environment/ament_prefix_path.dsv
[0.082s] -- Up-to-date: /home/akiratanaya/ros2_ws/install/cpp_pubsub/share/cpp_pubsub/environment/path.sh
[0.082s] -- Up-to-date: /home/akiratanaya/ros2_ws/install/cpp_pubsub/share/cpp_pubsub/environment/path.dsv
[0.082s] -- Up-to-date: /home/akiratanaya/ros2_ws/install/cpp_pubsub/share/cpp_pubsub/local_setup.bash
[0.082s] -- Up-to-date: /home/akiratanaya/ros2_ws/install/cpp_pubsub/share/cpp_pubsub/local_setup.sh
[0.082s] -- Up-to-date: /home/akiratanaya/ros2_ws/install/cpp_pubsub/share/cpp_pubsub/local_setup.zsh
[0.082s] -- Up-to-date: /home/akiratanaya/ros2_ws/install/cpp_pubsub/share/cpp_pubsub/local_setup.dsv
[0.082s] -- Installing: /home/akiratanaya/ros2_ws/install/cpp_pubsub/share/cpp_pubsub/package.dsv
[0.083s] -- Up-to-date: /home/akiratanaya/ros2_ws/install/cpp_pubsub/share/ament_index/resource_index/packages/cpp_pubsub
[0.083s] -- Up-to-date: /home/akiratanaya/ros2_ws/install/cpp_pubsub/share/cpp_pubsub/cmake/cpp_pubsubConfig.cmake
[0.083s] -- Up-to-date: /home/akiratanaya/ros2_ws/install/cpp_pubsub/share/cpp_pubsub/cmake/cpp_pubsubConfig-version.cmake
[0.083s] -- Up-to-date: /home/akiratanaya/ros2_ws/install/cpp_pubsub/share/cpp_pubsub/package.xml
[0.085s] Invoked command in '/home/akiratanaya/ros2_ws/build/cpp_pubsub' returned '0': CMAKE_PREFIX_PATH=/opt/ros/humble /usr/bin/cmake --install /home/akiratanaya/ros2_ws/build/cpp_pubsub
