[0.011s] Invoking command in '/home/akiratanaya/ros2_ws/build/cpp_srvcli': CMAKE_PREFIX_PATH=/opt/ros/humble /usr/bin/cmake /home/akiratanaya/ros2_ws/src/cpp_srvcli -DCMAKE_INSTALL_PREFIX=/home/akiratanaya/ros2_ws/install/cpp_srvcli
[0.020s] -- Found ament_cmake: 1.3.12 (/opt/ros/humble/share/ament_cmake/cmake)
[0.115s] -- Found rclcpp: 16.0.14 (/opt/ros/humble/share/rclcpp/cmake)
[0.136s] -- Found rosidl_generator_c: 3.1.7 (/opt/ros/humble/share/rosidl_generator_c/cmake)
[0.138s] -- Found rosidl_adapter: 3.1.7 (/opt/ros/humble/share/rosidl_adapter/cmake)
[0.142s] -- Found rosidl_generator_cpp: 3.1.7 (/opt/ros/humble/share/rosidl_generator_cpp/cmake)
[0.149s] -- Using all available rosidl_typesupport_c: rosidl_typesupport_fastrtps_c;rosidl_typesupport_introspection_c
[0.157s] -- Using all available rosidl_typesupport_cpp: rosidl_typesupport_fastrtps_cpp;rosidl_typesupport_introspection_cpp
[0.179s] -- Found rmw_implementation_cmake: 6.1.2 (/opt/ros/humble/share/rmw_implementation_cmake/cmake)
[0.180s] -- Found rmw_fastrtps_cpp: 6.2.8 (/opt/ros/humble/share/rmw_fastrtps_cpp/cmake)
[0.274s] -- Using RMW implementation 'rmw_fastrtps_cpp' as default
[0.310s] -- Found example_interfaces: 0.9.3 (/opt/ros/humble/share/example_interfaces/cmake)
[0.353s] -- Found ament_lint_auto: 0.12.14 (/opt/ros/humble/share/ament_lint_auto/cmake)
[0.416s] -- Added test 'cppcheck' to perform static code analysis on C / C++ code
[0.416s] -- Configured cppcheck include dirs: 
[0.416s] -- Configured cppcheck exclude dirs and/or files: 
[0.416s] -- Added test 'lint_cmake' to check CMake code style
[0.417s] -- Added test 'uncrustify' to check C / C++ code style
[0.417s] -- Configured uncrustify additional arguments: 
[0.417s] -- Added test 'xmllint' to check XML markup files
[0.418s] -- Configuring done
[0.426s] -- Generating done
[0.429s] -- Build files have been written to: /home/akiratanaya/ros2_ws/build/cpp_srvcli
[0.437s] Invoked command in '/home/akiratanaya/ros2_ws/build/cpp_srvcli' returned '0': CMAKE_PREFIX_PATH=/opt/ros/humble /usr/bin/cmake /home/akiratanaya/ros2_ws/src/cpp_srvcli -DCMAKE_INSTALL_PREFIX=/home/akiratanaya/ros2_ws/install/cpp_srvcli
[0.438s] Invoking command in '/home/akiratanaya/ros2_ws/build/cpp_srvcli': CMAKE_PREFIX_PATH=/opt/ros/humble /usr/bin/cmake --build /home/akiratanaya/ros2_ws/build/cpp_srvcli -- -j16 -l16
[0.488s] [ 50%] [32mBuilding CXX object CMakeFiles/server.dir/src/add_two_ints_server.cpp.o[0m
[2.948s] [100%] [32m[1mLinking CXX executable server[0m
[3.085s] [100%] Built target server
[3.096s] Invoked command in '/home/akiratanaya/ros2_ws/build/cpp_srvcli' returned '0': CMAKE_PREFIX_PATH=/opt/ros/humble /usr/bin/cmake --build /home/akiratanaya/ros2_ws/build/cpp_srvcli -- -j16 -l16
[3.098s] Invoking command in '/home/akiratanaya/ros2_ws/build/cpp_srvcli': CMAKE_PREFIX_PATH=/opt/ros/humble /usr/bin/cmake --install /home/akiratanaya/ros2_ws/build/cpp_srvcli
[3.104s] -- Install configuration: ""
[3.105s] -- Installing: /home/akiratanaya/ros2_ws/install/cpp_srvcli/lib/cpp_srvcli/server
[3.105s] -- Set runtime path of "/home/akiratanaya/ros2_ws/install/cpp_srvcli/lib/cpp_srvcli/server" to ""
[3.105s] -- Installing: /home/akiratanaya/ros2_ws/install/cpp_srvcli/share/ament_index/resource_index/package_run_dependencies/cpp_srvcli
[3.105s] -- Installing: /home/akiratanaya/ros2_ws/install/cpp_srvcli/share/ament_index/resource_index/parent_prefix_path/cpp_srvcli
[3.105s] -- Installing: /home/akiratanaya/ros2_ws/install/cpp_srvcli/share/cpp_srvcli/environment/ament_prefix_path.sh
[3.105s] -- Installing: /home/akiratanaya/ros2_ws/install/cpp_srvcli/share/cpp_srvcli/environment/ament_prefix_path.dsv
[3.106s] -- Installing: /home/akiratanaya/ros2_ws/install/cpp_srvcli/share/cpp_srvcli/environment/path.sh
[3.106s] -- Installing: /home/akiratanaya/ros2_ws/install/cpp_srvcli/share/cpp_srvcli/environment/path.dsv
[3.106s] -- Installing: /home/akiratanaya/ros2_ws/install/cpp_srvcli/share/cpp_srvcli/local_setup.bash
[3.106s] -- Installing: /home/akiratanaya/ros2_ws/install/cpp_srvcli/share/cpp_srvcli/local_setup.sh
[3.106s] -- Installing: /home/akiratanaya/ros2_ws/install/cpp_srvcli/share/cpp_srvcli/local_setup.zsh
[3.106s] -- Installing: /home/akiratanaya/ros2_ws/install/cpp_srvcli/share/cpp_srvcli/local_setup.dsv
[3.106s] -- Installing: /home/akiratanaya/ros2_ws/install/cpp_srvcli/share/cpp_srvcli/package.dsv
[3.106s] -- Installing: /home/akiratanaya/ros2_ws/install/cpp_srvcli/share/ament_index/resource_index/packages/cpp_srvcli
[3.107s] -- Installing: /home/akiratanaya/ros2_ws/install/cpp_srvcli/share/cpp_srvcli/cmake/cpp_srvcliConfig.cmake
[3.107s] -- Installing: /home/akiratanaya/ros2_ws/install/cpp_srvcli/share/cpp_srvcli/cmake/cpp_srvcliConfig-version.cmake
[3.107s] -- Installing: /home/akiratanaya/ros2_ws/install/cpp_srvcli/share/cpp_srvcli/package.xml
[3.109s] Invoked command in '/home/akiratanaya/ros2_ws/build/cpp_srvcli' returned '0': CMAKE_PREFIX_PATH=/opt/ros/humble /usr/bin/cmake --install /home/akiratanaya/ros2_ws/build/cpp_srvcli
