[0.010s] Invoking command in '/home/akiratanaya/ros2_ws/build/cpp_srvcli': CMAKE_PREFIX_PATH=/opt/ros/humble /usr/bin/cmake /home/akiratanaya/ros2_ws/src/cpp_srvcli -DCMAKE_INSTALL_PREFIX=/home/akiratanaya/ros2_ws/install/cpp_srvcli
[0.054s] -- The C compiler identification is GNU 11.4.0
[0.098s] -- The CXX compiler identification is GNU 11.4.0
[0.105s] -- Detecting C compiler ABI info
[0.164s] -- Detecting C compiler ABI info - done
[0.169s] -- Check for working C compiler: /usr/bin/cc - skipped
[0.169s] -- Detecting C compile features
[0.169s] -- Detecting C compile features - done
[0.171s] -- Detecting CXX compiler ABI info
[0.235s] -- Detecting CXX compiler ABI info - done
[0.240s] -- Check for working CXX compiler: /usr/bin/c++ - skipped
[0.240s] -- Detecting CXX compile features
[0.240s] -- Detecting CXX compile features - done
[0.243s] -- Found ament_cmake: 1.3.12 (/opt/ros/humble/share/ament_cmake/cmake)
[0.358s] -- Found Python3: /usr/bin/python3 (found version "3.10.12") found components: Interpreter 
[0.431s] -- Found rclcpp: 16.0.14 (/opt/ros/humble/share/rclcpp/cmake)
[0.469s] -- Found rosidl_generator_c: 3.1.7 (/opt/ros/humble/share/rosidl_generator_c/cmake)
[0.473s] -- Found rosidl_adapter: 3.1.7 (/opt/ros/humble/share/rosidl_adapter/cmake)
[0.480s] -- Found rosidl_generator_cpp: 3.1.7 (/opt/ros/humble/share/rosidl_generator_cpp/cmake)
[0.490s] -- Using all available rosidl_typesupport_c: rosidl_typesupport_fastrtps_c;rosidl_typesupport_introspection_c
[0.503s] -- Using all available rosidl_typesupport_cpp: rosidl_typesupport_fastrtps_cpp;rosidl_typesupport_introspection_cpp
[0.537s] -- Found rmw_implementation_cmake: 6.1.2 (/opt/ros/humble/share/rmw_implementation_cmake/cmake)
[0.539s] -- Found rmw_fastrtps_cpp: 6.2.8 (/opt/ros/humble/share/rmw_fastrtps_cpp/cmake)
[0.622s] -- Found OpenSSL: /usr/lib/x86_64-linux-gnu/libcrypto.so (found version "3.0.2")  
[0.647s] -- Found FastRTPS: /opt/ros/humble/include  
[0.687s] -- Using RMW implementation 'rmw_fastrtps_cpp' as default
[0.694s] -- Looking for pthread.h
[0.760s] -- Looking for pthread.h - found
[0.761s] -- Performing Test CMAKE_HAVE_LIBC_PTHREAD
[0.824s] -- Performing Test CMAKE_HAVE_LIBC_PTHREAD - Success
[0.825s] -- Found Threads: TRUE  
[0.873s] [31mCMake Error at CMakeLists.txt:10 (find_package):
[0.873s]   By not providing "Findexamples_interfaces.cmake" in CMAKE_MODULE_PATH this
[0.873s]   project has asked CMake to find a package configuration file provided by
[0.874s]   "examples_interfaces", but CMake did not find one.
[0.874s] 
[0.874s]   Could not find a package configuration file provided by
[0.874s]   "examples_interfaces" with any of the following names:
[0.874s] 
[0.874s]     examples_interfacesConfig.cmake
[0.874s]     examples_interfaces-config.cmake
[0.874s] 
[0.874s]   Add the installation prefix of "examples_interfaces" to CMAKE_PREFIX_PATH
[0.874s]   or set "examples_interfaces_DIR" to a directory containing one of the above
[0.874s]   files.  If "examples_interfaces" provides a separate development package or
[0.874s]   SDK, be sure it has been installed.
[0.874s] 
[0.874s] [0m
[0.874s] -- Configuring incomplete, errors occurred!
[0.874s] See also "/home/akiratanaya/ros2_ws/build/cpp_srvcli/CMakeFiles/CMakeOutput.log".
[0.881s] Invoked command in '/home/akiratanaya/ros2_ws/build/cpp_srvcli' returned '1': CMAKE_PREFIX_PATH=/opt/ros/humble /usr/bin/cmake /home/akiratanaya/ros2_ws/src/cpp_srvcli -DCMAKE_INSTALL_PREFIX=/home/akiratanaya/ros2_ws/install/cpp_srvcli
