[0.012s] Invoking command in '/home/akiratanaya/ros2_ws/build/my_package': CMAKE_PREFIX_PATH=/opt/ros/humble /usr/bin/cmake --build /home/akiratanaya/ros2_ws/build/my_package -- -j16 -l16
[0.061s] [100%] Built target my_node
[0.071s] Invoked command in '/home/akiratanaya/ros2_ws/build/my_package' returned '0': CMAKE_PREFIX_PATH=/opt/ros/humble /usr/bin/cmake --build /home/akiratanaya/ros2_ws/build/my_package -- -j16 -l16
[0.081s] Invoking command in '/home/akiratanaya/ros2_ws/build/my_package': CMAKE_PREFIX_PATH=/opt/ros/humble /usr/bin/cmake --install /home/akiratanaya/ros2_ws/build/my_package
[0.087s] -- Install configuration: ""
[0.088s] -- Up-to-date: /home/akiratanaya/ros2_ws/install/my_package/lib/my_package/my_node
[0.088s] -- Up-to-date: /home/akiratanaya/ros2_ws/install/my_package/share/ament_index/resource_index/package_run_dependencies/my_package
[0.088s] -- Up-to-date: /home/akiratanaya/ros2_ws/install/my_package/share/ament_index/resource_index/parent_prefix_path/my_package
[0.088s] -- Up-to-date: /home/akiratanaya/ros2_ws/install/my_package/share/my_package/environment/ament_prefix_path.sh
[0.088s] -- Up-to-date: /home/akiratanaya/ros2_ws/install/my_package/share/my_package/environment/ament_prefix_path.dsv
[0.089s] -- Up-to-date: /home/akiratanaya/ros2_ws/install/my_package/share/my_package/environment/path.sh
[0.089s] -- Up-to-date: /home/akiratanaya/ros2_ws/install/my_package/share/my_package/environment/path.dsv
[0.089s] -- Up-to-date: /home/akiratanaya/ros2_ws/install/my_package/share/my_package/local_setup.bash
[0.089s] -- Up-to-date: /home/akiratanaya/ros2_ws/install/my_package/share/my_package/local_setup.sh
[0.089s] -- Up-to-date: /home/akiratanaya/ros2_ws/install/my_package/share/my_package/local_setup.zsh
[0.089s] -- Up-to-date: /home/akiratanaya/ros2_ws/install/my_package/share/my_package/local_setup.dsv
[0.089s] -- Installing: /home/akiratanaya/ros2_ws/install/my_package/share/my_package/package.dsv
[0.089s] -- Up-to-date: /home/akiratanaya/ros2_ws/install/my_package/share/ament_index/resource_index/packages/my_package
[0.089s] -- Up-to-date: /home/akiratanaya/ros2_ws/install/my_package/share/my_package/cmake/my_packageConfig.cmake
[0.089s] -- Up-to-date: /home/akiratanaya/ros2_ws/install/my_package/share/my_package/cmake/my_packageConfig-version.cmake
[0.090s] -- Up-to-date: /home/akiratanaya/ros2_ws/install/my_package/share/my_package/package.xml
[0.091s] Invoked command in '/home/akiratanaya/ros2_ws/build/my_package' returned '0': CMAKE_PREFIX_PATH=/opt/ros/humble /usr/bin/cmake --install /home/akiratanaya/ros2_ws/build/my_package
